c:\users\iali\documents\visual studio 2015\projects\15august\managedcode\debug\managedcode.pch
c:\users\iali\documents\visual studio 2015\projects\15august\managedcode\debug\vc140.pdb
c:\users\iali\documents\visual studio 2015\projects\15august\managedcode\debug\stdafx.obj
c:\users\iali\documents\visual studio 2015\projects\15august\managedcode\debug\managedcode.obj
c:\users\iali\documents\visual studio 2015\projects\15august\managedcode\debug\assemblyinfo.obj
c:\users\iali\documents\visual studio 2015\projects\15august\managedcode\debug\.netframework,version=v4.6.1.assemblyattributes.obj
c:\users\iali\documents\visual studio 2015\projects\15august\managedcode\debug\.netframework,version=v4.6.1.assemblyattributes.asm
c:\users\iali\documents\visual studio 2015\projects\15august\debug\managedcode.dll
c:\users\iali\documents\visual studio 2015\projects\15august\debug\managedcode.pdb
c:\users\iali\documents\visual studio 2015\projects\15august\managedcode\debug\app.res
c:\users\iali\documents\visual studio 2015\projects\15august\managedcode\debug\managedcode.vcxprojresolveassemblyreference.cache
c:\users\iali\documents\visual studio 2015\projects\15august\managedcode\debug\managedcode.tlog\cl.command.1.tlog
c:\users\iali\documents\visual studio 2015\projects\15august\managedcode\debug\managedcode.tlog\cl.read.1.tlog
c:\users\iali\documents\visual studio 2015\projects\15august\managedcode\debug\managedcode.tlog\cl.write.1.tlog
c:\users\iali\documents\visual studio 2015\projects\15august\managedcode\debug\managedcode.tlog\link.command.1.tlog
c:\users\iali\documents\visual studio 2015\projects\15august\managedcode\debug\managedcode.tlog\link.read.1.tlog
c:\users\iali\documents\visual studio 2015\projects\15august\managedcode\debug\managedcode.tlog\link.write.1.tlog
c:\users\iali\documents\visual studio 2015\projects\15august\managedcode\debug\managedcode.tlog\metagen.read.1.tlog
c:\users\iali\documents\visual studio 2015\projects\15august\managedcode\debug\managedcode.tlog\metagen.write.1.tlog
c:\users\iali\documents\visual studio 2015\projects\15august\managedcode\debug\managedcode.tlog\rc.command.1.tlog
c:\users\iali\documents\visual studio 2015\projects\15august\managedcode\debug\managedcode.tlog\rc.read.1.tlog
c:\users\iali\documents\visual studio 2015\projects\15august\managedcode\debug\managedcode.tlog\rc.write.1.tlog
c:\users\iali\documents\visual studio 2015\projects\15august\managedcode\debug\managedcode.tlog\rsaenh.dll.bi
c:\users\iali\documents\visual studio 2015\projects\15august\managedcode\debug\managedcode.tlog\tzres.dll.bi
